<?xml version="1.0" encoding="UTF-8"?>
<testsuite xmlns:xsi="http://www.w3.org/2001/XMLSchema-instance" xsi:noNamespaceSchemaLocation="https://maven.apache.org/surefire/maven-surefire-plugin/xsd/surefire-test-report-3.0.xsd" version="3.0" name="TestSuite" time="8.582" tests="5" errors="0" skipped="0" failures="1">
  <properties>
[...]
</properties>
  <testcase name="Test1" classname="restAssuredFW.PlaceSearchApiTests" time="4.35"/>
  <testcase name="Test2" classname="restAssuredFW.PlaceSearchApiTests" time="0.215"/>
  <testcase name="Test3" classname="restAssuredFW.PlaceSearchApiTests" time="1.172"/>
  <testcase name="Test4" classname="restAssuredFW.PlaceSearchApiTests" time="0.626"/>
  <testcase name="Test5" classname="restAssuredFW.LibraryApiTests" time="0.599">
    <failure message="1 expectation failed.&#10;Expected status code &lt;200&gt; but was &lt;404&gt;.&#10;" type="java.lang.AssertionError"><![CDATA[java.lang.AssertionError: 
1 expectation failed.
Expected status code <200> but was <404>.

	at restAssuredFW.LibraryApiTests.Test5(LibraryApiTests.java:20)
]]></failure>
    <system-out><![CDATA[Request method:	POST
Request URI:	http://216.10.245.166/Library/Addbook.php
Proxy:			<none>
Request params:	<none>
Query params:	<none>
Form params:	<none>
Path params:	<none>
Headers:		Accept=*/*
				Content-Type=application/json; charset=UTF-8
Cookies:		<none>
Multiparts:		<none>
Body:
{
    "name": "Learn Appium Automation with Java",
    "isbn": "abcd",
    "aisle": "123456",
    "author": "John foe"
}
]]></system-out>
  </testcase>
</testsuite>